<?xml version="1.0" encoding="UTF-8"?>
<testng-results ignored="0" total="1" passed="1" failed="0" skipped="0">
  <reporter-output>
  </reporter-output>
  <suite started-at="2024-05-30T19:02:58 EDT" name="Nusrat_Automation_Tests_final" finished-at="2024-05-30T19:03:08 EDT" duration-ms="10221">
    <groups>
    </groups>
    <test started-at="2024-05-30T19:02:58 EDT" name="samsung.com" finished-at="2024-05-30T19:03:08 EDT" duration-ms="10221">
      <class name="automation_test.samsung.com.ShopAllPhone">
        <test-method is-config="true" signature="addThread()[pri:0, instance:automation_test.samsung.com.ShopAllPhone@5bb3d42d]" started-at="2024-05-30T19:02:58 EDT" name="addThread" finished-at="2024-05-30T19:02:59 EDT" duration-ms="1046" status="PASS">
          <reporter-output>
          </reporter-output>
        </test-method> <!-- addThread -->
        <test-method is-config="true" signature="browserInitialization()[pri:0, instance:automation_test.samsung.com.ShopAllPhone@5bb3d42d]" started-at="2024-05-30T19:02:59 EDT" name="browserInitialization" finished-at="2024-05-30T19:03:01 EDT" duration-ms="1925" status="PASS">
          <reporter-output>
          </reporter-output>
        </test-method> <!-- browserInitialization -->
        <test-method signature="shopAllPhone()[pri:0, instance:automation_test.samsung.com.ShopAllPhone@5bb3d42d]" started-at="2024-05-30T19:03:01 EDT" name="shopAllPhone" finished-at="2024-05-30T19:03:08 EDT" duration-ms="6897" status="PASS">
          <reporter-output>
          </reporter-output>
        </test-method> <!-- shopAllPhone -->
        <test-method is-config="true" signature="browserCleanup()[pri:0, instance:automation_test.samsung.com.ShopAllPhone@5bb3d42d]" started-at="2024-05-30T19:03:08 EDT" name="browserCleanup" finished-at="2024-05-30T19:03:08 EDT" duration-ms="234" status="PASS">
          <reporter-output>
          </reporter-output>
        </test-method> <!-- browserCleanup -->
      </class> <!-- automation_test.samsung.com.ShopAllPhone -->
    </test> <!-- samsung.com -->
  </suite> <!-- Nusrat_Automation_Tests_final -->
</testng-results>
